2022-08-07 21:50:16,762 [Worker-3: Loading available Gradle versions] INFO  o.e.b.c.i.u.g.PublishedGradleVersions - Gradle version information cache is up-to-date. Trying to read.
2022-08-07 21:50:59,732 [Worker-6: Updating Maven Dependencies] INFO  o.e.m.c.i.l.LifecycleMappingFactory - Using org.eclipse.m2e.jdt.JarLifecycleMapping lifecycle mapping for MavenProject: project:SmartBuilding0807:0.0.1-SNAPSHOT @ D:\OneDrive\OneDrive - National College of Ireland\backup\d\Distributed Systems\SmartBuildingProject\SmartBuilding0807\pom.xml.
2022-08-07 21:51:06,359 [Worker-10: Building] INFO  o.e.m.c.i.embedder.EclipseLogger - Protoc version: 3.6.0
2022-08-07 21:51:06,604 [Worker-10: Building] INFO  o.e.m.c.i.embedder.EclipseLogger - Protoc command: C:\Users\86186\AppData\Local\Temp\protocjar6250186994031778980\bin\protoc.exe
2022-08-07 21:51:06,606 [Worker-10: Building] INFO  o.e.m.c.i.embedder.EclipseLogger - Additional include types: C:\Users\86186\AppData\Local\Temp\protocjar15701139198911250738\include
2022-08-07 21:51:06,695 [Worker-10: Building] INFO  o.e.m.c.i.embedder.EclipseLogger -     google/protobuf/any.proto
2022-08-07 21:51:06,698 [Worker-10: Building] INFO  o.e.m.c.i.embedder.EclipseLogger -     google/protobuf/api.proto
2022-08-07 21:51:06,700 [Worker-10: Building] INFO  o.e.m.c.i.embedder.EclipseLogger -     google/protobuf/compiler/plugin.proto
2022-08-07 21:51:06,701 [Worker-10: Building] INFO  o.e.m.c.i.embedder.EclipseLogger -     google/protobuf/descriptor.proto
2022-08-07 21:51:06,703 [Worker-10: Building] INFO  o.e.m.c.i.embedder.EclipseLogger -     google/protobuf/duration.proto
2022-08-07 21:51:06,705 [Worker-10: Building] INFO  o.e.m.c.i.embedder.EclipseLogger -     google/protobuf/empty.proto
2022-08-07 21:51:06,705 [Worker-10: Building] INFO  o.e.m.c.i.embedder.EclipseLogger -     google/protobuf/field_mask.proto
2022-08-07 21:51:06,706 [Worker-10: Building] INFO  o.e.m.c.i.embedder.EclipseLogger -     google/protobuf/source_context.proto
2022-08-07 21:51:06,708 [Worker-10: Building] INFO  o.e.m.c.i.embedder.EclipseLogger -     google/protobuf/struct.proto
2022-08-07 21:51:06,709 [Worker-10: Building] INFO  o.e.m.c.i.embedder.EclipseLogger -     google/protobuf/timestamp.proto
2022-08-07 21:51:06,710 [Worker-10: Building] INFO  o.e.m.c.i.embedder.EclipseLogger -     google/protobuf/type.proto
2022-08-07 21:51:06,712 [Worker-10: Building] INFO  o.e.m.c.i.embedder.EclipseLogger -     google/protobuf/wrappers.proto
2022-08-07 21:51:07,230 [Worker-10: Building] INFO  o.e.m.c.i.embedder.EclipseLogger - Input directories:
2022-08-07 21:51:07,230 [Worker-10: Building] INFO  o.e.m.c.i.embedder.EclipseLogger -     D:\OneDrive\OneDrive - National College of Ireland\backup\d\Distributed Systems\SmartBuildingProject\SmartBuilding0807\src\main\resources
2022-08-07 21:51:07,230 [Worker-10: Building] INFO  o.e.m.c.i.embedder.EclipseLogger - Include directories:
2022-08-07 21:51:07,230 [Worker-10: Building] INFO  o.e.m.c.i.embedder.EclipseLogger -     C:\Users\86186\AppData\Local\Temp\protocjar15701139198911250738\include
2022-08-07 21:51:07,230 [Worker-10: Building] INFO  o.e.m.c.i.embedder.EclipseLogger - Output targets:
2022-08-07 21:51:07,230 [Worker-10: Building] INFO  o.e.m.c.i.embedder.EclipseLogger -     java: D:\OneDrive\OneDrive - National College of Ireland\backup\d\Distributed Systems\SmartBuildingProject\SmartBuilding0807\src\main\java (add: main, clean: false, plugin: null, outputOptions: null)
2022-08-07 21:51:07,230 [Worker-10: Building] INFO  o.e.m.c.i.embedder.EclipseLogger -     grpc-java: D:\OneDrive\OneDrive - National College of Ireland\backup\d\Distributed Systems\SmartBuildingProject\SmartBuilding0807\src\main\java (add: main, clean: false, plugin: null, outputOptions: null)
2022-08-07 21:51:07,230 [Worker-10: Building] INFO  o.e.m.c.i.embedder.EclipseLogger - Resolving artifact: io.grpc:protoc-gen-grpc-java:1.15.0, platform: windows-x86_64
2022-08-07 21:51:07,371 [Worker-10: Building] INFO  o.e.m.c.i.embedder.EclipseLogger -     Processing (java): airService.proto
2022-08-07 21:51:07,892 [Worker-10: Building] INFO  o.e.m.c.i.embedder.EclipseLogger -     Processing (java): envControl.proto
2022-08-07 21:51:08,050 [Worker-10: Building] INFO  o.e.m.c.i.embedder.EclipseLogger -     Processing (java): healthCheckService.proto
2022-08-07 21:51:08,183 [Worker-10: Building] INFO  o.e.m.c.i.embedder.EclipseLogger - Adding generated classes to classpath
2022-08-07 21:51:08,184 [Worker-10: Building] INFO  o.e.m.c.i.embedder.EclipseLogger -     Processing (grpc-java): airService.proto
2022-08-07 21:51:08,184 [Worker-10: Building] INFO  o.e.m.c.i.embedder.EclipseLogger -     Plugin path: C:\Users\86186\AppData\Local\Temp\protoc-gen-grpc-java8247030876825079935.exe
2022-08-07 21:51:08,822 [Worker-10: Building] INFO  o.e.m.c.i.embedder.EclipseLogger -     Processing (grpc-java): envControl.proto
2022-08-07 21:51:08,822 [Worker-10: Building] INFO  o.e.m.c.i.embedder.EclipseLogger -     Plugin path: C:\Users\86186\AppData\Local\Temp\protoc-gen-grpc-java8247030876825079935.exe
2022-08-07 21:51:08,919 [Worker-10: Building] INFO  o.e.m.c.i.embedder.EclipseLogger -     Processing (grpc-java): healthCheckService.proto
2022-08-07 21:51:08,920 [Worker-10: Building] INFO  o.e.m.c.i.embedder.EclipseLogger -     Plugin path: C:\Users\86186\AppData\Local\Temp\protoc-gen-grpc-java8247030876825079935.exe
2022-08-07 21:51:09,013 [Worker-10: Building] INFO  o.e.m.c.i.embedder.EclipseLogger - Adding generated classes to classpath
2022-08-07 21:51:10,416 [Worker-10: Building] INFO  o.e.m.c.i.embedder.EclipseLogger - Using 'UTF-8' encoding to copy filtered resources.
2022-08-07 21:51:10,422 [Worker-10: Building] INFO  o.e.m.c.i.embedder.EclipseLogger - Copying 3 resources
2022-08-07 21:51:10,443 [Worker-10: Building] INFO  o.e.m.c.i.embedder.EclipseLogger - Using 'UTF-8' encoding to copy filtered resources.
2022-08-07 21:51:10,444 [Worker-10: Building] INFO  o.e.m.c.i.embedder.EclipseLogger - Copying 0 resource
2022-08-07 21:51:13,850 [Worker-9: Building] INFO  o.e.m.c.i.embedder.EclipseLogger - Protoc version: 3.6.0
2022-08-07 21:51:14,034 [Worker-9: Building] INFO  o.e.m.c.i.embedder.EclipseLogger - Protoc command: C:\Users\86186\AppData\Local\Temp\protocjar12263582487875588962\bin\protoc.exe
2022-08-07 21:51:14,036 [Worker-9: Building] INFO  o.e.m.c.i.embedder.EclipseLogger - Additional include types: C:\Users\86186\AppData\Local\Temp\protocjar12174178467504273180\include
2022-08-07 21:51:14,150 [Worker-9: Building] INFO  o.e.m.c.i.embedder.EclipseLogger -     google/protobuf/any.proto
2022-08-07 21:51:14,153 [Worker-9: Building] INFO  o.e.m.c.i.embedder.EclipseLogger -     google/protobuf/api.proto
2022-08-07 21:51:14,155 [Worker-9: Building] INFO  o.e.m.c.i.embedder.EclipseLogger -     google/protobuf/compiler/plugin.proto
2022-08-07 21:51:14,156 [Worker-9: Building] INFO  o.e.m.c.i.embedder.EclipseLogger -     google/protobuf/descriptor.proto
2022-08-07 21:51:14,158 [Worker-9: Building] INFO  o.e.m.c.i.embedder.EclipseLogger -     google/protobuf/duration.proto
2022-08-07 21:51:14,160 [Worker-9: Building] INFO  o.e.m.c.i.embedder.EclipseLogger -     google/protobuf/empty.proto
2022-08-07 21:51:14,163 [Worker-9: Building] INFO  o.e.m.c.i.embedder.EclipseLogger -     google/protobuf/field_mask.proto
2022-08-07 21:51:14,165 [Worker-9: Building] INFO  o.e.m.c.i.embedder.EclipseLogger -     google/protobuf/source_context.proto
2022-08-07 21:51:14,165 [Worker-9: Building] INFO  o.e.m.c.i.embedder.EclipseLogger -     google/protobuf/struct.proto
2022-08-07 21:51:14,166 [Worker-9: Building] INFO  o.e.m.c.i.embedder.EclipseLogger -     google/protobuf/timestamp.proto
2022-08-07 21:51:14,167 [Worker-9: Building] INFO  o.e.m.c.i.embedder.EclipseLogger -     google/protobuf/type.proto
2022-08-07 21:51:14,168 [Worker-9: Building] INFO  o.e.m.c.i.embedder.EclipseLogger -     google/protobuf/wrappers.proto
2022-08-07 21:51:14,529 [Worker-9: Building] INFO  o.e.m.c.i.embedder.EclipseLogger - Input directories:
2022-08-07 21:51:14,529 [Worker-9: Building] INFO  o.e.m.c.i.embedder.EclipseLogger -     D:\OneDrive\OneDrive - National College of Ireland\backup\d\Distributed Systems\SmartBuildingProject\SmartBuilding0807\src\main\resources
2022-08-07 21:51:14,530 [Worker-9: Building] INFO  o.e.m.c.i.embedder.EclipseLogger - Include directories:
2022-08-07 21:51:14,530 [Worker-9: Building] INFO  o.e.m.c.i.embedder.EclipseLogger -     C:\Users\86186\AppData\Local\Temp\protocjar12174178467504273180\include
2022-08-07 21:51:14,530 [Worker-9: Building] INFO  o.e.m.c.i.embedder.EclipseLogger - Output targets:
2022-08-07 21:51:14,530 [Worker-9: Building] INFO  o.e.m.c.i.embedder.EclipseLogger -     java: D:\OneDrive\OneDrive - National College of Ireland\backup\d\Distributed Systems\SmartBuildingProject\SmartBuilding0807\src\main\java (add: main, clean: false, plugin: null, outputOptions: null)
2022-08-07 21:51:14,530 [Worker-9: Building] INFO  o.e.m.c.i.embedder.EclipseLogger -     grpc-java: D:\OneDrive\OneDrive - National College of Ireland\backup\d\Distributed Systems\SmartBuildingProject\SmartBuilding0807\src\main\java (add: main, clean: false, plugin: null, outputOptions: null)
2022-08-07 21:51:14,530 [Worker-9: Building] INFO  o.e.m.c.i.embedder.EclipseLogger - Resolving artifact: io.grpc:protoc-gen-grpc-java:1.15.0, platform: windows-x86_64
2022-08-07 21:51:14,537 [Worker-9: Building] INFO  o.e.m.c.i.embedder.EclipseLogger - Not changed D:\OneDrive\OneDrive - National College of Ireland\backup\d\Distributed Systems\SmartBuildingProject\SmartBuilding0807\src\main\resources\airService.proto
2022-08-07 21:51:14,538 [Worker-9: Building] INFO  o.e.m.c.i.embedder.EclipseLogger - Not changed D:\OneDrive\OneDrive - National College of Ireland\backup\d\Distributed Systems\SmartBuildingProject\SmartBuilding0807\src\main\resources\envControl.proto
2022-08-07 21:51:14,538 [Worker-9: Building] INFO  o.e.m.c.i.embedder.EclipseLogger - Not changed D:\OneDrive\OneDrive - National College of Ireland\backup\d\Distributed Systems\SmartBuildingProject\SmartBuilding0807\src\main\resources\healthCheckService.proto
2022-08-07 21:51:14,538 [Worker-9: Building] INFO  o.e.m.c.i.embedder.EclipseLogger - Adding generated classes to classpath
2022-08-07 21:51:14,539 [Worker-9: Building] INFO  o.e.m.c.i.embedder.EclipseLogger - Not changed D:\OneDrive\OneDrive - National College of Ireland\backup\d\Distributed Systems\SmartBuildingProject\SmartBuilding0807\src\main\resources\airService.proto
2022-08-07 21:51:14,539 [Worker-9: Building] INFO  o.e.m.c.i.embedder.EclipseLogger - Not changed D:\OneDrive\OneDrive - National College of Ireland\backup\d\Distributed Systems\SmartBuildingProject\SmartBuilding0807\src\main\resources\envControl.proto
2022-08-07 21:51:14,539 [Worker-9: Building] INFO  o.e.m.c.i.embedder.EclipseLogger - Not changed D:\OneDrive\OneDrive - National College of Ireland\backup\d\Distributed Systems\SmartBuildingProject\SmartBuilding0807\src\main\resources\healthCheckService.proto
2022-08-07 21:51:14,539 [Worker-9: Building] INFO  o.e.m.c.i.embedder.EclipseLogger - Adding generated classes to classpath
2022-08-07 21:51:14,542 [Worker-9: Building] INFO  o.e.m.c.i.embedder.EclipseLogger - Using 'UTF-8' encoding to copy filtered resources.
2022-08-07 21:51:14,546 [Worker-9: Building] INFO  o.e.m.c.i.embedder.EclipseLogger - Copying 3 resources
2022-08-07 21:51:14,549 [Worker-9: Building] INFO  o.e.m.c.i.embedder.EclipseLogger - Using 'UTF-8' encoding to copy filtered resources.
2022-08-07 21:51:14,549 [Worker-9: Building] INFO  o.e.m.c.i.embedder.EclipseLogger - Copying 0 resource
2022-08-07 21:52:52,254 [Worker-10: Updating Maven Project] INFO  o.e.m.c.i.p.ProjectConfigurationManager - Update started
2022-08-07 21:52:52,801 [Worker-10: Updating Maven Project] INFO  o.e.m.c.i.l.LifecycleMappingFactory - Using org.eclipse.m2e.jdt.JarLifecycleMapping lifecycle mapping for MavenProject: project:SmartBuilding0807:0.0.1-SNAPSHOT @ D:\OneDrive\OneDrive - National College of Ireland\backup\d\Distributed Systems\SmartBuildingProject\SmartBuilding0807\pom.xml.
2022-08-07 21:52:53,067 [Worker-10: Updating Maven Project] INFO  o.e.m.c.i.embedder.EclipseLogger - Protoc version: 3.6.0
2022-08-07 21:52:53,213 [Worker-10: Updating Maven Project] INFO  o.e.m.c.i.embedder.EclipseLogger - Protoc command: C:\Users\86186\AppData\Local\Temp\protocjar2023010121015034601\bin\protoc.exe
2022-08-07 21:52:53,215 [Worker-10: Updating Maven Project] INFO  o.e.m.c.i.embedder.EclipseLogger - Additional include types: C:\Users\86186\AppData\Local\Temp\protocjar10228214191799031006\include
2022-08-07 21:52:53,275 [Worker-10: Updating Maven Project] INFO  o.e.m.c.i.embedder.EclipseLogger -     google/protobuf/any.proto
2022-08-07 21:52:53,278 [Worker-10: Updating Maven Project] INFO  o.e.m.c.i.embedder.EclipseLogger -     google/protobuf/api.proto
2022-08-07 21:52:53,279 [Worker-10: Updating Maven Project] INFO  o.e.m.c.i.embedder.EclipseLogger -     google/protobuf/compiler/plugin.proto
2022-08-07 21:52:53,280 [Worker-10: Updating Maven Project] INFO  o.e.m.c.i.embedder.EclipseLogger -     google/protobuf/descriptor.proto
2022-08-07 21:52:53,282 [Worker-10: Updating Maven Project] INFO  o.e.m.c.i.embedder.EclipseLogger -     google/protobuf/duration.proto
2022-08-07 21:52:53,284 [Worker-10: Updating Maven Project] INFO  o.e.m.c.i.embedder.EclipseLogger -     google/protobuf/empty.proto
2022-08-07 21:52:53,285 [Worker-10: Updating Maven Project] INFO  o.e.m.c.i.embedder.EclipseLogger -     google/protobuf/field_mask.proto
2022-08-07 21:52:53,286 [Worker-10: Updating Maven Project] INFO  o.e.m.c.i.embedder.EclipseLogger -     google/protobuf/source_context.proto
2022-08-07 21:52:53,287 [Worker-10: Updating Maven Project] INFO  o.e.m.c.i.embedder.EclipseLogger -     google/protobuf/struct.proto
2022-08-07 21:52:53,288 [Worker-10: Updating Maven Project] INFO  o.e.m.c.i.embedder.EclipseLogger -     google/protobuf/timestamp.proto
2022-08-07 21:52:53,289 [Worker-10: Updating Maven Project] INFO  o.e.m.c.i.embedder.EclipseLogger -     google/protobuf/type.proto
2022-08-07 21:52:53,290 [Worker-10: Updating Maven Project] INFO  o.e.m.c.i.embedder.EclipseLogger -     google/protobuf/wrappers.proto
2022-08-07 21:52:53,590 [Worker-10: Updating Maven Project] INFO  o.e.m.c.i.embedder.EclipseLogger - Input directories:
2022-08-07 21:52:53,591 [Worker-10: Updating Maven Project] INFO  o.e.m.c.i.embedder.EclipseLogger -     D:\OneDrive\OneDrive - National College of Ireland\backup\d\Distributed Systems\SmartBuildingProject\SmartBuilding0807\src\main\resources
2022-08-07 21:52:53,591 [Worker-10: Updating Maven Project] INFO  o.e.m.c.i.embedder.EclipseLogger - Include directories:
2022-08-07 21:52:53,591 [Worker-10: Updating Maven Project] INFO  o.e.m.c.i.embedder.EclipseLogger -     C:\Users\86186\AppData\Local\Temp\protocjar10228214191799031006\include
2022-08-07 21:52:53,591 [Worker-10: Updating Maven Project] INFO  o.e.m.c.i.embedder.EclipseLogger - Output targets:
2022-08-07 21:52:53,591 [Worker-10: Updating Maven Project] INFO  o.e.m.c.i.embedder.EclipseLogger -     java: D:\OneDrive\OneDrive - National College of Ireland\backup\d\Distributed Systems\SmartBuildingProject\SmartBuilding0807\src\main\java (add: main, clean: false, plugin: null, outputOptions: null)
2022-08-07 21:52:53,591 [Worker-10: Updating Maven Project] INFO  o.e.m.c.i.embedder.EclipseLogger -     grpc-java: D:\OneDrive\OneDrive - National College of Ireland\backup\d\Distributed Systems\SmartBuildingProject\SmartBuilding0807\src\main\java (add: main, clean: false, plugin: null, outputOptions: null)
2022-08-07 21:52:53,592 [Worker-10: Updating Maven Project] INFO  o.e.m.c.i.embedder.EclipseLogger - Resolving artifact: io.grpc:protoc-gen-grpc-java:1.15.0, platform: windows-x86_64
2022-08-07 21:52:53,614 [Worker-10: Updating Maven Project] INFO  o.e.m.c.i.embedder.EclipseLogger - Not changed D:\OneDrive\OneDrive - National College of Ireland\backup\d\Distributed Systems\SmartBuildingProject\SmartBuilding0807\src\main\resources\airService.proto
2022-08-07 21:52:53,615 [Worker-10: Updating Maven Project] INFO  o.e.m.c.i.embedder.EclipseLogger - Not changed D:\OneDrive\OneDrive - National College of Ireland\backup\d\Distributed Systems\SmartBuildingProject\SmartBuilding0807\src\main\resources\envControl.proto
2022-08-07 21:52:53,615 [Worker-10: Updating Maven Project] INFO  o.e.m.c.i.embedder.EclipseLogger - Not changed D:\OneDrive\OneDrive - National College of Ireland\backup\d\Distributed Systems\SmartBuildingProject\SmartBuilding0807\src\main\resources\healthCheckService.proto
2022-08-07 21:52:53,615 [Worker-10: Updating Maven Project] INFO  o.e.m.c.i.embedder.EclipseLogger - Adding generated classes to classpath
2022-08-07 21:52:53,616 [Worker-10: Updating Maven Project] INFO  o.e.m.c.i.embedder.EclipseLogger - Not changed D:\OneDrive\OneDrive - National College of Ireland\backup\d\Distributed Systems\SmartBuildingProject\SmartBuilding0807\src\main\resources\airService.proto
2022-08-07 21:52:53,616 [Worker-10: Updating Maven Project] INFO  o.e.m.c.i.embedder.EclipseLogger - Not changed D:\OneDrive\OneDrive - National College of Ireland\backup\d\Distributed Systems\SmartBuildingProject\SmartBuilding0807\src\main\resources\envControl.proto
2022-08-07 21:52:53,616 [Worker-10: Updating Maven Project] INFO  o.e.m.c.i.embedder.EclipseLogger - Not changed D:\OneDrive\OneDrive - National College of Ireland\backup\d\Distributed Systems\SmartBuildingProject\SmartBuilding0807\src\main\resources\healthCheckService.proto
2022-08-07 21:52:53,616 [Worker-10: Updating Maven Project] INFO  o.e.m.c.i.embedder.EclipseLogger - Adding generated classes to classpath
2022-08-07 21:52:53,788 [Worker-10: Updating Maven Project] INFO  o.e.m.j.i.AbstractJavaProjectConfigurator - Adding source folder /SmartBuilding0807/src/main/java
2022-08-07 21:52:53,789 [Worker-10: Updating Maven Project] INFO  o.e.m.j.i.AbstractJavaProjectConfigurator - Adding resource folder /SmartBuilding0807/src/main/resources
2022-08-07 21:52:53,790 [Worker-10: Updating Maven Project] INFO  o.e.m.j.i.AbstractJavaProjectConfigurator - Adding source folder /SmartBuilding0807/src/test/java
2022-08-07 21:52:53,790 [Worker-10: Updating Maven Project] INFO  o.e.m.j.i.AbstractJavaProjectConfigurator - Adding resource folder /SmartBuilding0807/src/test/resources
2022-08-07 21:52:54,449 [Worker-10: Updating Maven Project] INFO  o.e.m.c.i.p.ProjectConfigurationManager - Update completed: 2 sec
2022-08-07 21:52:55,918 [Worker-14: Building] INFO  o.e.m.c.i.embedder.EclipseLogger - Protoc version: 3.6.0
2022-08-07 21:52:56,243 [Worker-14: Building] INFO  o.e.m.c.i.embedder.EclipseLogger - Protoc command: C:\Users\86186\AppData\Local\Temp\protocjar69585404469872518\bin\protoc.exe
2022-08-07 21:52:56,245 [Worker-14: Building] INFO  o.e.m.c.i.embedder.EclipseLogger - Additional include types: C:\Users\86186\AppData\Local\Temp\protocjar7700699953172849527\include
2022-08-07 21:52:56,301 [Worker-14: Building] INFO  o.e.m.c.i.embedder.EclipseLogger -     google/protobuf/any.proto
2022-08-07 21:52:56,303 [Worker-14: Building] INFO  o.e.m.c.i.embedder.EclipseLogger -     google/protobuf/api.proto
2022-08-07 21:52:56,304 [Worker-14: Building] INFO  o.e.m.c.i.embedder.EclipseLogger -     google/protobuf/compiler/plugin.proto
2022-08-07 21:52:56,305 [Worker-14: Building] INFO  o.e.m.c.i.embedder.EclipseLogger -     google/protobuf/descriptor.proto
2022-08-07 21:52:56,307 [Worker-14: Building] INFO  o.e.m.c.i.embedder.EclipseLogger -     google/protobuf/duration.proto
2022-08-07 21:52:56,308 [Worker-14: Building] INFO  o.e.m.c.i.embedder.EclipseLogger -     google/protobuf/empty.proto
2022-08-07 21:52:56,309 [Worker-14: Building] INFO  o.e.m.c.i.embedder.EclipseLogger -     google/protobuf/field_mask.proto
2022-08-07 21:52:56,310 [Worker-14: Building] INFO  o.e.m.c.i.embedder.EclipseLogger -     google/protobuf/source_context.proto
2022-08-07 21:52:56,311 [Worker-14: Building] INFO  o.e.m.c.i.embedder.EclipseLogger -     google/protobuf/struct.proto
2022-08-07 21:52:56,312 [Worker-14: Building] INFO  o.e.m.c.i.embedder.EclipseLogger -     google/protobuf/timestamp.proto
2022-08-07 21:52:56,313 [Worker-14: Building] INFO  o.e.m.c.i.embedder.EclipseLogger -     google/protobuf/type.proto
2022-08-07 21:52:56,315 [Worker-14: Building] INFO  o.e.m.c.i.embedder.EclipseLogger -     google/protobuf/wrappers.proto
2022-08-07 21:52:56,623 [Worker-14: Building] INFO  o.e.m.c.i.embedder.EclipseLogger - Input directories:
2022-08-07 21:52:56,623 [Worker-14: Building] INFO  o.e.m.c.i.embedder.EclipseLogger -     D:\OneDrive\OneDrive - National College of Ireland\backup\d\Distributed Systems\SmartBuildingProject\SmartBuilding0807\src\main\resources
2022-08-07 21:52:56,623 [Worker-14: Building] INFO  o.e.m.c.i.embedder.EclipseLogger - Include directories:
2022-08-07 21:52:56,623 [Worker-14: Building] INFO  o.e.m.c.i.embedder.EclipseLogger -     C:\Users\86186\AppData\Local\Temp\protocjar7700699953172849527\include
2022-08-07 21:52:56,623 [Worker-14: Building] INFO  o.e.m.c.i.embedder.EclipseLogger - Output targets:
2022-08-07 21:52:56,623 [Worker-14: Building] INFO  o.e.m.c.i.embedder.EclipseLogger -     java: D:\OneDrive\OneDrive - National College of Ireland\backup\d\Distributed Systems\SmartBuildingProject\SmartBuilding0807\src\main\java (add: main, clean: false, plugin: null, outputOptions: null)
2022-08-07 21:52:56,624 [Worker-14: Building] INFO  o.e.m.c.i.embedder.EclipseLogger -     grpc-java: D:\OneDrive\OneDrive - National College of Ireland\backup\d\Distributed Systems\SmartBuildingProject\SmartBuilding0807\src\main\java (add: main, clean: false, plugin: null, outputOptions: null)
2022-08-07 21:52:56,624 [Worker-14: Building] INFO  o.e.m.c.i.embedder.EclipseLogger - Resolving artifact: io.grpc:protoc-gen-grpc-java:1.15.0, platform: windows-x86_64
2022-08-07 21:52:56,631 [Worker-14: Building] INFO  o.e.m.c.i.embedder.EclipseLogger -     Processing (java): airService.proto
2022-08-07 21:52:56,690 [Worker-14: Building] INFO  o.e.m.c.i.embedder.EclipseLogger -     Processing (java): envControl.proto
2022-08-07 21:52:56,761 [Worker-14: Building] INFO  o.e.m.c.i.embedder.EclipseLogger -     Processing (java): healthCheckService.proto
2022-08-07 21:52:56,834 [Worker-14: Building] INFO  o.e.m.c.i.embedder.EclipseLogger - Adding generated classes to classpath
2022-08-07 21:52:56,835 [Worker-14: Building] INFO  o.e.m.c.i.embedder.EclipseLogger -     Processing (grpc-java): airService.proto
2022-08-07 21:52:56,836 [Worker-14: Building] INFO  o.e.m.c.i.embedder.EclipseLogger -     Plugin path: C:\Users\86186\AppData\Local\Temp\protoc-gen-grpc-java5815430265897180678.exe
2022-08-07 21:52:57,070 [Worker-14: Building] INFO  o.e.m.c.i.embedder.EclipseLogger -     Processing (grpc-java): envControl.proto
2022-08-07 21:52:57,070 [Worker-14: Building] INFO  o.e.m.c.i.embedder.EclipseLogger -     Plugin path: C:\Users\86186\AppData\Local\Temp\protoc-gen-grpc-java5815430265897180678.exe
2022-08-07 21:52:57,123 [Worker-14: Building] INFO  o.e.m.c.i.embedder.EclipseLogger -     Processing (grpc-java): healthCheckService.proto
2022-08-07 21:52:57,123 [Worker-14: Building] INFO  o.e.m.c.i.embedder.EclipseLogger -     Plugin path: C:\Users\86186\AppData\Local\Temp\protoc-gen-grpc-java5815430265897180678.exe
2022-08-07 21:52:57,183 [Worker-14: Building] INFO  o.e.m.c.i.embedder.EclipseLogger - Adding generated classes to classpath
2022-08-07 21:52:57,196 [Worker-14: Building] INFO  o.e.m.c.i.embedder.EclipseLogger - Using 'UTF-8' encoding to copy filtered resources.
2022-08-07 21:52:57,197 [Worker-14: Building] INFO  o.e.m.c.i.embedder.EclipseLogger - Copying 3 resources
2022-08-07 21:52:57,211 [Worker-14: Building] INFO  o.e.m.c.i.embedder.EclipseLogger - Using 'UTF-8' encoding to copy filtered resources.
2022-08-07 21:52:57,212 [Worker-14: Building] INFO  o.e.m.c.i.embedder.EclipseLogger - Copying 0 resource
2022-08-07 21:54:45,182 [Worker-13: Launching Executing install in D__OneDrive_OneDrive - National College of Ireland_backup_d_Distributed Systems_SmartBuildingProject_SmartBuilding0807] INFO  o.e.m.i.launch.MavenLaunchDelegate - D:\OneDrive\OneDrive - National College of Ireland\backup\d\Distributed Systems\SmartBuildingProject\SmartBuilding0807
2022-08-07 21:54:45,183 [Worker-13: Launching Executing install in D__OneDrive_OneDrive - National College of Ireland_backup_d_Distributed Systems_SmartBuildingProject_SmartBuilding0807] INFO  o.e.m.i.launch.MavenLaunchDelegate -  mvn -B install
2022-08-07 21:54:58,428 [Worker-16: Building] INFO  o.e.m.c.i.embedder.EclipseLogger - Protoc version: 3.6.0
2022-08-07 21:54:58,556 [Worker-16: Building] INFO  o.e.m.c.i.embedder.EclipseLogger - Protoc command: C:\Users\86186\AppData\Local\Temp\protocjar10109462086467406063\bin\protoc.exe
2022-08-07 21:54:58,558 [Worker-16: Building] INFO  o.e.m.c.i.embedder.EclipseLogger - Additional include types: C:\Users\86186\AppData\Local\Temp\protocjar13612269858751344785\include
2022-08-07 21:54:58,635 [Worker-16: Building] INFO  o.e.m.c.i.embedder.EclipseLogger -     google/protobuf/any.proto
2022-08-07 21:54:58,637 [Worker-16: Building] INFO  o.e.m.c.i.embedder.EclipseLogger -     google/protobuf/api.proto
2022-08-07 21:54:58,639 [Worker-16: Building] INFO  o.e.m.c.i.embedder.EclipseLogger -     google/protobuf/compiler/plugin.proto
2022-08-07 21:54:58,640 [Worker-16: Building] INFO  o.e.m.c.i.embedder.EclipseLogger -     google/protobuf/descriptor.proto
2022-08-07 21:54:58,642 [Worker-16: Building] INFO  o.e.m.c.i.embedder.EclipseLogger -     google/protobuf/duration.proto
2022-08-07 21:54:58,643 [Worker-16: Building] INFO  o.e.m.c.i.embedder.EclipseLogger -     google/protobuf/empty.proto
2022-08-07 21:54:58,644 [Worker-16: Building] INFO  o.e.m.c.i.embedder.EclipseLogger -     google/protobuf/field_mask.proto
2022-08-07 21:54:58,645 [Worker-16: Building] INFO  o.e.m.c.i.embedder.EclipseLogger -     google/protobuf/source_context.proto
2022-08-07 21:54:58,646 [Worker-16: Building] INFO  o.e.m.c.i.embedder.EclipseLogger -     google/protobuf/struct.proto
2022-08-07 21:54:58,648 [Worker-16: Building] INFO  o.e.m.c.i.embedder.EclipseLogger -     google/protobuf/timestamp.proto
2022-08-07 21:54:58,649 [Worker-16: Building] INFO  o.e.m.c.i.embedder.EclipseLogger -     google/protobuf/type.proto
2022-08-07 21:54:58,650 [Worker-16: Building] INFO  o.e.m.c.i.embedder.EclipseLogger -     google/protobuf/wrappers.proto
2022-08-07 21:54:59,002 [Worker-16: Building] INFO  o.e.m.c.i.embedder.EclipseLogger - Input directories:
2022-08-07 21:54:59,002 [Worker-16: Building] INFO  o.e.m.c.i.embedder.EclipseLogger -     D:\OneDrive\OneDrive - National College of Ireland\backup\d\Distributed Systems\SmartBuildingProject\SmartBuilding0807\src\main\resources
2022-08-07 21:54:59,002 [Worker-16: Building] INFO  o.e.m.c.i.embedder.EclipseLogger - Include directories:
2022-08-07 21:54:59,002 [Worker-16: Building] INFO  o.e.m.c.i.embedder.EclipseLogger -     C:\Users\86186\AppData\Local\Temp\protocjar13612269858751344785\include
2022-08-07 21:54:59,002 [Worker-16: Building] INFO  o.e.m.c.i.embedder.EclipseLogger - Output targets:
2022-08-07 21:54:59,002 [Worker-16: Building] INFO  o.e.m.c.i.embedder.EclipseLogger -     java: D:\OneDrive\OneDrive - National College of Ireland\backup\d\Distributed Systems\SmartBuildingProject\SmartBuilding0807\src\main\java (add: main, clean: false, plugin: null, outputOptions: null)
2022-08-07 21:54:59,002 [Worker-16: Building] INFO  o.e.m.c.i.embedder.EclipseLogger -     grpc-java: D:\OneDrive\OneDrive - National College of Ireland\backup\d\Distributed Systems\SmartBuildingProject\SmartBuilding0807\src\main\java (add: main, clean: false, plugin: null, outputOptions: null)
2022-08-07 21:54:59,003 [Worker-16: Building] INFO  o.e.m.c.i.embedder.EclipseLogger - Resolving artifact: io.grpc:protoc-gen-grpc-java:1.15.0, platform: windows-x86_64
2022-08-07 21:54:59,014 [Worker-16: Building] INFO  o.e.m.c.i.embedder.EclipseLogger - Not changed D:\OneDrive\OneDrive - National College of Ireland\backup\d\Distributed Systems\SmartBuildingProject\SmartBuilding0807\src\main\resources\airService.proto
2022-08-07 21:54:59,014 [Worker-16: Building] INFO  o.e.m.c.i.embedder.EclipseLogger - Not changed D:\OneDrive\OneDrive - National College of Ireland\backup\d\Distributed Systems\SmartBuildingProject\SmartBuilding0807\src\main\resources\envControl.proto
2022-08-07 21:54:59,014 [Worker-16: Building] INFO  o.e.m.c.i.embedder.EclipseLogger - Not changed D:\OneDrive\OneDrive - National College of Ireland\backup\d\Distributed Systems\SmartBuildingProject\SmartBuilding0807\src\main\resources\healthCheckService.proto
2022-08-07 21:54:59,014 [Worker-16: Building] INFO  o.e.m.c.i.embedder.EclipseLogger - Adding generated classes to classpath
2022-08-07 21:54:59,015 [Worker-16: Building] INFO  o.e.m.c.i.embedder.EclipseLogger - Not changed D:\OneDrive\OneDrive - National College of Ireland\backup\d\Distributed Systems\SmartBuildingProject\SmartBuilding0807\src\main\resources\airService.proto
2022-08-07 21:54:59,015 [Worker-16: Building] INFO  o.e.m.c.i.embedder.EclipseLogger - Not changed D:\OneDrive\OneDrive - National College of Ireland\backup\d\Distributed Systems\SmartBuildingProject\SmartBuilding0807\src\main\resources\envControl.proto
2022-08-07 21:54:59,015 [Worker-16: Building] INFO  o.e.m.c.i.embedder.EclipseLogger - Not changed D:\OneDrive\OneDrive - National College of Ireland\backup\d\Distributed Systems\SmartBuildingProject\SmartBuilding0807\src\main\resources\healthCheckService.proto
2022-08-07 21:54:59,015 [Worker-16: Building] INFO  o.e.m.c.i.embedder.EclipseLogger - Adding generated classes to classpath
2022-08-07 21:54:59,017 [Worker-16: Building] INFO  o.e.m.c.i.embedder.EclipseLogger - Using 'UTF-8' encoding to copy filtered resources.
2022-08-07 21:54:59,020 [Worker-16: Building] INFO  o.e.m.c.i.embedder.EclipseLogger - Copying 3 resources
2022-08-07 21:54:59,023 [Worker-16: Building] INFO  o.e.m.c.i.embedder.EclipseLogger - Using 'UTF-8' encoding to copy filtered resources.
2022-08-07 21:54:59,023 [Worker-16: Building] INFO  o.e.m.c.i.embedder.EclipseLogger - Copying 0 resource
2022-08-07 21:55:04,582 [main] INFO  o.e.m2e.actions.ExecutePomAction - Creating new launch configuration
2022-08-07 21:55:07,429 [Worker-15: Launching SmartBuilding0807] INFO  o.e.m.i.launch.MavenLaunchDelegate - D:\OneDrive\OneDrive - National College of Ireland\backup\d\Distributed Systems\SmartBuildingProject\SmartBuilding0807
2022-08-07 21:55:07,429 [Worker-15: Launching SmartBuilding0807] INFO  o.e.m.i.launch.MavenLaunchDelegate -  mvn -B 
